[{
  "id": 1,
  "first_name": "Bari",
  "last_name": "Tideswell",
  "email": "btideswell0@so-net.ne.jp",
  "gender": "Female",
  "ip_address": "244.69.122.36"
}, {
  "id": 2,
  "first_name": "Elberta",
  "last_name": "Chese",
  "email": "echese1@cbsnews.com",
  "gender": "Female",
  "ip_address": "255.111.51.221"
}, {
  "id": 3,
  "first_name": "Derrik",
  "last_name": "Thirkettle",
  "email": "dthirkettle2@youtu.be",
  "gender": "Male",
  "ip_address": "39.101.235.144"
}, {
  "id": 4,
  "first_name": "Valle",
  "last_name": "Etheridge",
  "email": "vetheridge3@google.nl",
  "gender": "Male",
  "ip_address": "59.47.132.246"
}, {
  "id": 5,
  "first_name": "Abbe",
  "last_name": "Barsby",
  "email": "abarsby4@t.co",
  "gender": "Female",
  "ip_address": "216.75.7.97"
}, {
  "id": 6,
  "first_name": "Colas",
  "last_name": "Bagshaw",
  "email": "cbagshaw5@blog.com",
  "gender": "Male",
  "ip_address": "51.131.21.174"
}, {
  "id": 7,
  "first_name": "Yvonne",
  "last_name": "Huitt",
  "email": "yhuitt6@hao123.com",
  "gender": "Female",
  "ip_address": "213.182.168.214"
}, {
  "id": 8,
  "first_name": "Marchelle",
  "last_name": "Enstone",
  "email": "menstone7@clickbank.net",
  "gender": "Female",
  "ip_address": "194.107.136.40"
}, {
  "id": 9,
  "first_name": "Kacey",
  "last_name": "Demead",
  "email": "kdemead8@dailymotion.com",
  "gender": "Female",
  "ip_address": "173.71.114.143"
}, {
  "id": 10,
  "first_name": "Conrade",
  "last_name": "Lugden",
  "email": "clugden9@networkadvertising.org",
  "gender": "Male",
  "ip_address": "196.117.22.97"
}, {
  "id": 11,
  "first_name": "Carin",
  "last_name": "Puckey",
  "email": "cpuckeya@ucoz.ru",
  "gender": "Female",
  "ip_address": "184.186.110.124"
}, {
  "id": 12,
  "first_name": "Maryjane",
  "last_name": "Scoggans",
  "email": "mscoggansb@tinypic.com",
  "gender": "Female",
  "ip_address": "161.39.112.144"
}, {
  "id": 13,
  "first_name": "Kriste",
  "last_name": "Pelerin",
  "email": "kpelerinc@apple.com",
  "gender": "Female",
  "ip_address": "60.47.183.146"
}, {
  "id": 14,
  "first_name": "Mela",
  "last_name": "Marien",
  "email": "mmariend@yellowpages.com",
  "gender": "Female",
  "ip_address": "178.34.86.219"
}, {
  "id": 15,
  "first_name": "Toddy",
  "last_name": "Brion",
  "email": "tbrione@dedecms.com",
  "gender": "Male",
  "ip_address": "17.220.181.234"
}, {
  "id": 16,
  "first_name": "Valeda",
  "last_name": "Ackeroyd",
  "email": "vackeroydf@youku.com",
  "gender": "Female",
  "ip_address": "229.191.66.135"
}, {
  "id": 17,
  "first_name": "Gerri",
  "last_name": "Revance",
  "email": "grevanceg@narod.ru",
  "gender": "Female",
  "ip_address": "84.84.104.228"
}, {
  "id": 18,
  "first_name": "Robbyn",
  "last_name": "Easterby",
  "email": "reasterbyh@amazon.com",
  "gender": "Female",
  "ip_address": "82.87.135.144"
}, {
  "id": 19,
  "first_name": "Brent",
  "last_name": "Weadick",
  "email": "bweadicki@hhs.gov",
  "gender": "Male",
  "ip_address": "210.239.230.42"
}, {
  "id": 20,
  "first_name": "Jermayne",
  "last_name": "Sprason",
  "email": "jsprasonj@about.me",
  "gender": "Male",
  "ip_address": "119.175.127.179"
}, {
  "id": 21,
  "first_name": "Hew",
  "last_name": "Beebe",
  "email": "hbeebek@hugedomains.com",
  "gender": "Male",
  "ip_address": "37.14.203.240"
}, {
  "id": 22,
  "first_name": "Stella",
  "last_name": "Perring",
  "email": "sperringl@sina.com.cn",
  "gender": "Female",
  "ip_address": "55.236.100.216"
}, {
  "id": 23,
  "first_name": "Ulrica",
  "last_name": "Petroselli",
  "email": "upetrosellim@goodreads.com",
  "gender": "Female",
  "ip_address": "141.196.123.39"
}, {
  "id": 24,
  "first_name": "Gloriana",
  "last_name": "Prover",
  "email": "gprovern@so-net.ne.jp",
  "gender": "Female",
  "ip_address": "211.158.1.129"
}, {
  "id": 25,
  "first_name": "Tracy",
  "last_name": "Aicheson",
  "email": "taichesono@cam.ac.uk",
  "gender": "Female",
  "ip_address": "247.81.127.215"
}, {
  "id": 26,
  "first_name": "Sylvester",
  "last_name": "Mathers",
  "email": "smathersp@example.com",
  "gender": "Male",
  "ip_address": "3.82.78.7"
}, {
  "id": 27,
  "first_name": "Vittorio",
  "last_name": "Rowaszkiewicz",
  "email": "vrowaszkiewiczq@people.com.cn",
  "gender": "Male",
  "ip_address": "53.163.28.153"
}, {
  "id": 28,
  "first_name": "Dillie",
  "last_name": "Robertson",
  "email": "drobertsonr@nsw.gov.au",
  "gender": "Male",
  "ip_address": "81.63.27.170"
}, {
  "id": 29,
  "first_name": "Shelia",
  "last_name": "Vaneschi",
  "email": "svaneschis@ow.ly",
  "gender": "Female",
  "ip_address": "60.97.128.169"
}, {
  "id": 30,
  "first_name": "Earlie",
  "last_name": "Cecely",
  "email": "ececelyt@indiatimes.com",
  "gender": "Male",
  "ip_address": "207.108.39.163"
}, {
  "id": 31,
  "first_name": "Ody",
  "last_name": "Renzo",
  "email": "orenzou@arizona.edu",
  "gender": "Male",
  "ip_address": "0.27.213.45"
}, {
  "id": 32,
  "first_name": "Arlyn",
  "last_name": "Manhood",
  "email": "amanhoodv@sogou.com",
  "gender": "Female",
  "ip_address": "239.201.200.117"
}, {
  "id": 33,
  "first_name": "Xaviera",
  "last_name": "Brahm",
  "email": "xbrahmw@ucsd.edu",
  "gender": "Female",
  "ip_address": "17.92.167.31"
}, {
  "id": 34,
  "first_name": "Stanislas",
  "last_name": "Jeppe",
  "email": "sjeppex@hexun.com",
  "gender": "Male",
  "ip_address": "114.87.190.43"
}, {
  "id": 35,
  "first_name": "Mirabelle",
  "last_name": "Hazlewood",
  "email": "mhazlewoody@t-online.de",
  "gender": "Female",
  "ip_address": "125.186.41.51"
}, {
  "id": 36,
  "first_name": "Kristoffer",
  "last_name": "Patinkin",
  "email": "kpatinkinz@mysql.com",
  "gender": "Male",
  "ip_address": "5.107.229.150"
}, {
  "id": 37,
  "first_name": "Godart",
  "last_name": "Gianni",
  "email": "ggianni10@quantcast.com",
  "gender": "Male",
  "ip_address": "78.3.192.199"
}, {
  "id": 38,
  "first_name": "Fulvia",
  "last_name": "Tretwell",
  "email": "ftretwell11@linkedin.com",
  "gender": "Female",
  "ip_address": "119.115.150.247"
}, {
  "id": 39,
  "first_name": "Aldrich",
  "last_name": "Wearing",
  "email": "awearing12@newsvine.com",
  "gender": "Male",
  "ip_address": "162.77.111.91"
}, {
  "id": 40,
  "first_name": "Nonna",
  "last_name": "Littlemore",
  "email": "nlittlemore13@narod.ru",
  "gender": "Female",
  "ip_address": "17.3.147.126"
}, {
  "id": 41,
  "first_name": "Elihu",
  "last_name": "Hurdedge",
  "email": "ehurdedge14@imdb.com",
  "gender": "Male",
  "ip_address": "98.132.21.20"
}, {
  "id": 42,
  "first_name": "Emily",
  "last_name": "Grichukhanov",
  "email": "egrichukhanov15@smugmug.com",
  "gender": "Female",
  "ip_address": "24.62.156.202"
}, {
  "id": 43,
  "first_name": "Coretta",
  "last_name": "McCabe",
  "email": "cmccabe16@google.cn",
  "gender": "Female",
  "ip_address": "128.96.71.50"
}, {
  "id": 44,
  "first_name": "Adham",
  "last_name": "Stopps",
  "email": "astopps17@theguardian.com",
  "gender": "Male",
  "ip_address": "231.187.41.42"
}, {
  "id": 45,
  "first_name": "Barde",
  "last_name": "Weiss",
  "email": "bweiss18@ebay.co.uk",
  "gender": "Male",
  "ip_address": "32.167.169.128"
}, {
  "id": 46,
  "first_name": "Kat",
  "last_name": "Basford",
  "email": "kbasford19@yahoo.co.jp",
  "gender": "Female",
  "ip_address": "68.170.136.165"
}, {
  "id": 47,
  "first_name": "Elisabet",
  "last_name": "Howerd",
  "email": "ehowerd1a@umn.edu",
  "gender": "Female",
  "ip_address": "221.149.43.45"
}, {
  "id": 48,
  "first_name": "Sonnie",
  "last_name": "Beever",
  "email": "sbeever1b@jugem.jp",
  "gender": "Male",
  "ip_address": "49.109.122.183"
}, {
  "id": 49,
  "first_name": "Reeva",
  "last_name": "Kenington",
  "email": "rkenington1c@upenn.edu",
  "gender": "Female",
  "ip_address": "165.249.104.87"
}, {
  "id": 50,
  "first_name": "Bertina",
  "last_name": "Gazey",
  "email": "bgazey1d@boston.com",
  "gender": "Female",
  "ip_address": "134.133.253.41"
}, {
  "id": 51,
  "first_name": "Neron",
  "last_name": "Deddum",
  "email": "ndeddum1e@barnesandnoble.com",
  "gender": "Male",
  "ip_address": "195.18.33.150"
}, {
  "id": 52,
  "first_name": "Marie-jeanne",
  "last_name": "Giff",
  "email": "mgiff1f@oracle.com",
  "gender": "Female",
  "ip_address": "112.230.100.115"
}, {
  "id": 53,
  "first_name": "Pernell",
  "last_name": "Frensch",
  "email": "pfrensch1g@yellowpages.com",
  "gender": "Male",
  "ip_address": "75.202.105.114"
}, {
  "id": 54,
  "first_name": "Christabel",
  "last_name": "Tayler",
  "email": "ctayler1h@princeton.edu",
  "gender": "Female",
  "ip_address": "134.31.243.88"
}, {
  "id": 55,
  "first_name": "Cully",
  "last_name": "Foynes",
  "email": "cfoynes1i@harvard.edu",
  "gender": "Male",
  "ip_address": "78.225.186.142"
}, {
  "id": 56,
  "first_name": "Riane",
  "last_name": "Storres",
  "email": "rstorres1j@live.com",
  "gender": "Female",
  "ip_address": "90.41.176.21"
}, {
  "id": 57,
  "first_name": "Elvin",
  "last_name": "Phalip",
  "email": "ephalip1k@pcworld.com",
  "gender": "Male",
  "ip_address": "151.18.159.120"
}, {
  "id": 58,
  "first_name": "Mirabelle",
  "last_name": "Fullun",
  "email": "mfullun1l@feedburner.com",
  "gender": "Female",
  "ip_address": "237.106.252.38"
}, {
  "id": 59,
  "first_name": "Riva",
  "last_name": "Savory",
  "email": "rsavory1m@cafepress.com",
  "gender": "Female",
  "ip_address": "17.255.207.136"
}, {
  "id": 60,
  "first_name": "Odey",
  "last_name": "Schimann",
  "email": "oschimann1n@kickstarter.com",
  "gender": "Male",
  "ip_address": "22.53.1.195"
}, {
  "id": 61,
  "first_name": "Gaultiero",
  "last_name": "Espinel",
  "email": "gespinel1o@bandcamp.com",
  "gender": "Male",
  "ip_address": "115.232.115.132"
}, {
  "id": 62,
  "first_name": "Brier",
  "last_name": "Proudler",
  "email": "bproudler1p@bing.com",
  "gender": "Female",
  "ip_address": "140.77.200.152"
}, {
  "id": 63,
  "first_name": "Bear",
  "last_name": "Binnall",
  "email": "bbinnall1q@histats.com",
  "gender": "Male",
  "ip_address": "136.100.92.172"
}, {
  "id": 64,
  "first_name": "Janie",
  "last_name": "Digwood",
  "email": "jdigwood1r@cbsnews.com",
  "gender": "Female",
  "ip_address": "33.232.227.213"
}, {
  "id": 65,
  "first_name": "Blithe",
  "last_name": "Draye",
  "email": "bdraye1s@telegraph.co.uk",
  "gender": "Female",
  "ip_address": "11.243.204.37"
}, {
  "id": 66,
  "first_name": "Adolphe",
  "last_name": "Deverell",
  "email": "adeverell1t@cdc.gov",
  "gender": "Male",
  "ip_address": "39.213.8.148"
}, {
  "id": 67,
  "first_name": "Faye",
  "last_name": "Philcock",
  "email": "fphilcock1u@amazon.co.uk",
  "gender": "Female",
  "ip_address": "96.111.60.251"
}, {
  "id": 68,
  "first_name": "Monte",
  "last_name": "Penkman",
  "email": "mpenkman1v@psu.edu",
  "gender": "Male",
  "ip_address": "208.215.242.219"
}, {
  "id": 69,
  "first_name": "Hayley",
  "last_name": "Kyngdon",
  "email": "hkyngdon1w@discovery.com",
  "gender": "Female",
  "ip_address": "79.94.118.143"
}, {
  "id": 70,
  "first_name": "Alexandre",
  "last_name": "Jerzyk",
  "email": "ajerzyk1x@go.com",
  "gender": "Male",
  "ip_address": "140.218.200.19"
}, {
  "id": 71,
  "first_name": "Kristoffer",
  "last_name": "Spoors",
  "email": "kspoors1y@yelp.com",
  "gender": "Male",
  "ip_address": "250.99.57.20"
}, {
  "id": 72,
  "first_name": "Honey",
  "last_name": "Artinstall",
  "email": "hartinstall1z@shop-pro.jp",
  "gender": "Female",
  "ip_address": "188.94.63.46"
}, {
  "id": 73,
  "first_name": "Hazel",
  "last_name": "Plomer",
  "email": "hplomer20@pen.io",
  "gender": "Male",
  "ip_address": "159.86.153.127"
}, {
  "id": 74,
  "first_name": "Putnam",
  "last_name": "Laming",
  "email": "plaming21@geocities.jp",
  "gender": "Male",
  "ip_address": "51.152.59.107"
}, {
  "id": 75,
  "first_name": "Jaye",
  "last_name": "MacTerrelly",
  "email": "jmacterrelly22@sun.com",
  "gender": "Male",
  "ip_address": "159.186.224.234"
}, {
  "id": 76,
  "first_name": "Mayne",
  "last_name": "Kornel",
  "email": "mkornel23@wordpress.org",
  "gender": "Male",
  "ip_address": "187.38.13.106"
}, {
  "id": 77,
  "first_name": "Rafael",
  "last_name": "Vasnev",
  "email": "rvasnev24@fda.gov",
  "gender": "Male",
  "ip_address": "153.171.98.135"
}, {
  "id": 78,
  "first_name": "Beatrix",
  "last_name": "Coppins",
  "email": "bcoppins25@shinystat.com",
  "gender": "Female",
  "ip_address": "116.123.243.108"
}, {
  "id": 79,
  "first_name": "Georgi",
  "last_name": "Goodliff",
  "email": "ggoodliff26@theguardian.com",
  "gender": "Male",
  "ip_address": "132.114.149.187"
}, {
  "id": 80,
  "first_name": "Wallace",
  "last_name": "Bissiker",
  "email": "wbissiker27@fda.gov",
  "gender": "Male",
  "ip_address": "193.241.78.206"
}, {
  "id": 81,
  "first_name": "Ber",
  "last_name": "Paolozzi",
  "email": "bpaolozzi28@msu.edu",
  "gender": "Male",
  "ip_address": "247.14.190.25"
}, {
  "id": 82,
  "first_name": "Carlina",
  "last_name": "Elderton",
  "email": "celderton29@seattletimes.com",
  "gender": "Female",
  "ip_address": "34.134.130.228"
}, {
  "id": 83,
  "first_name": "Adelheid",
  "last_name": "Hartwell",
  "email": "ahartwell2a@domainmarket.com",
  "gender": "Female",
  "ip_address": "3.187.64.14"
}, {
  "id": 84,
  "first_name": "Kristos",
  "last_name": "Fitzsymonds",
  "email": "kfitzsymonds2b@nifty.com",
  "gender": "Male",
  "ip_address": "192.94.21.10"
}, {
  "id": 85,
  "first_name": "Gleda",
  "last_name": "Manhare",
  "email": "gmanhare2c@nbcnews.com",
  "gender": "Female",
  "ip_address": "193.87.54.183"
}, {
  "id": 86,
  "first_name": "Pryce",
  "last_name": "Ridd",
  "email": "pridd2d@blogger.com",
  "gender": "Male",
  "ip_address": "209.112.194.70"
}, {
  "id": 87,
  "first_name": "Audra",
  "last_name": "Caplen",
  "email": "acaplen2e@wufoo.com",
  "gender": "Female",
  "ip_address": "218.154.65.112"
}, {
  "id": 88,
  "first_name": "Aviva",
  "last_name": "Baly",
  "email": "abaly2f@hp.com",
  "gender": "Female",
  "ip_address": "139.231.141.192"
}, {
  "id": 89,
  "first_name": "Melina",
  "last_name": "Walthew",
  "email": "mwalthew2g@last.fm",
  "gender": "Female",
  "ip_address": "52.90.129.157"
}, {
  "id": 90,
  "first_name": "Rudie",
  "last_name": "Stanion",
  "email": "rstanion2h@fastcompany.com",
  "gender": "Male",
  "ip_address": "0.221.76.215"
}, {
  "id": 91,
  "first_name": "Merell",
  "last_name": "Hammerton",
  "email": "mhammerton2i@princeton.edu",
  "gender": "Male",
  "ip_address": "239.16.94.126"
}, {
  "id": 92,
  "first_name": "Myrta",
  "last_name": "Yter",
  "email": "myter2j@dagondesign.com",
  "gender": "Female",
  "ip_address": "166.42.146.241"
}, {
  "id": 93,
  "first_name": "Erl",
  "last_name": "Hansard",
  "email": "ehansard2k@paginegialle.it",
  "gender": "Male",
  "ip_address": "54.58.227.179"
}, {
  "id": 94,
  "first_name": "Livvie",
  "last_name": "Giddens",
  "email": "lgiddens2l@archive.org",
  "gender": "Female",
  "ip_address": "253.181.26.190"
}, {
  "id": 95,
  "first_name": "Liesa",
  "last_name": "Duffan",
  "email": "lduffan2m@ebay.co.uk",
  "gender": "Female",
  "ip_address": "240.15.100.173"
}, {
  "id": 96,
  "first_name": "Lynett",
  "last_name": "Hayle",
  "email": "lhayle2n@google.ca",
  "gender": "Female",
  "ip_address": "48.40.169.183"
}, {
  "id": 97,
  "first_name": "Maude",
  "last_name": "Arnaldi",
  "email": "marnaldi2o@printfriendly.com",
  "gender": "Female",
  "ip_address": "216.253.100.218"
}, {
  "id": 98,
  "first_name": "Roxana",
  "last_name": "Withey",
  "email": "rwithey2p@dailymail.co.uk",
  "gender": "Female",
  "ip_address": "156.249.180.229"
}, {
  "id": 99,
  "first_name": "Chantalle",
  "last_name": "Gianetti",
  "email": "cgianetti2q@wikia.com",
  "gender": "Female",
  "ip_address": "119.220.215.161"
}, {
  "id": 100,
  "first_name": "Ainslee",
  "last_name": "Managh",
  "email": "amanagh2r@1688.com",
  "gender": "Female",
  "ip_address": "158.153.151.43"
}]